<?xml version="1.0" encoding="UTF-8"?>
<testng-results ignored="0" total="1" passed="1" failed="0" skipped="0">
  <reporter-output>
    <line>
      <![CDATA[Report confifguration]]>
    </line>
    <line>
      <![CDATA[Click on Admited Patient Informations]]>
    </line>
    <line>
      <![CDATA[Click on Dischargelink]]>
    </line>
    <line>
      <![CDATA[Check whether expectedPatientname and Patientname are same]]>
    </line>
    <line>
      <![CDATA[verfy  staff regster member present n StaffInfoDetailspage ]]>
    </line>
    <line>
      <![CDATA[click on discharge link]]>
    </line>
    <line>
      <![CDATA[Switch to patientInvoice page]]>
    </line>
    <line>
      <![CDATA[Enter medicineCharge nto medicineCharge textfeld]]>
    </line>
    <line>
      <![CDATA[Enter doctorCharge nto medicineCharge textfeld]]>
    </line>
    <line>
      <![CDATA[Enter countofdays into medicineCharge textfeld]]>
    </line>
    <line>
      <![CDATA[Patient is dismissed from the hosptal]]>
    </line>
  </reporter-output>
  <suite started-at="2024-07-01T06:51:37Z" name="Default suite" finished-at="2024-07-01T06:51:48Z" duration-ms="10775">
    <groups>
    </groups>
    <test started-at="2024-07-01T06:51:37Z" name="Default test" finished-at="2024-07-01T06:51:48Z" duration-ms="10775">
      <class name="com.GUISelenium.HMS.StaffInfo.AdmittedPatientInfoTest">
        <test-method is-config="true" signature="configBS()[pri:0, instance:com.GUISelenium.HMS.StaffInfo.AdmittedPatientInfoTest@2d29b4ee]" started-at="2024-07-01T06:51:37Z" name="configBS" finished-at="2024-07-01T06:51:37Z" duration-ms="29" status="PASS">
          <reporter-output>
          </reporter-output>
        </test-method> <!-- configBS -->
        <test-method is-config="true" signature="configBC()[pri:0, instance:com.GUISelenium.HMS.StaffInfo.AdmittedPatientInfoTest@2d29b4ee]" started-at="2024-07-01T06:51:37Z" name="configBC" finished-at="2024-07-01T06:51:39Z" duration-ms="1731" status="PASS">
          <reporter-output>
          </reporter-output>
        </test-method> <!-- configBC -->
        <test-method is-config="true" signature="configBM()[pri:0, instance:com.GUISelenium.HMS.StaffInfo.AdmittedPatientInfoTest@2d29b4ee]" started-at="2024-07-01T06:51:39Z" name="configBM" finished-at="2024-07-01T06:51:40Z" duration-ms="781" status="PASS">
          <reporter-output>
          </reporter-output>
        </test-method> <!-- configBM -->
        <test-method signature="AdmittedPatientInfo()[pri:0, instance:com.GUISelenium.HMS.StaffInfo.AdmittedPatientInfoTest@2d29b4ee]" started-at="2024-07-01T06:51:40Z" name="AdmittedPatientInfo" finished-at="2024-07-01T06:51:47Z" duration-ms="7849" status="PASS">
          <reporter-output>
            <line>
              <![CDATA[Click on Admited Patient Informations]]>
            </line>
            <line>
              <![CDATA[Click on Dischargelink]]>
            </line>
            <line>
              <![CDATA[Check whether expectedPatientname and Patientname are same]]>
            </line>
            <line>
              <![CDATA[verfy  staff regster member present n StaffInfoDetailspage ]]>
            </line>
            <line>
              <![CDATA[click on discharge link]]>
            </line>
            <line>
              <![CDATA[Switch to patientInvoice page]]>
            </line>
            <line>
              <![CDATA[Enter medicineCharge nto medicineCharge textfeld]]>
            </line>
            <line>
              <![CDATA[Enter doctorCharge nto medicineCharge textfeld]]>
            </line>
            <line>
              <![CDATA[Enter countofdays into medicineCharge textfeld]]>
            </line>
            <line>
              <![CDATA[Patient is dismissed from the hosptal]]>
            </line>
          </reporter-output>
        </test-method> <!-- AdmittedPatientInfo -->
        <test-method is-config="true" signature="configAM()[pri:0, instance:com.GUISelenium.HMS.StaffInfo.AdmittedPatientInfoTest@2d29b4ee]" started-at="2024-07-01T06:51:47Z" name="configAM" finished-at="2024-07-01T06:51:48Z" duration-ms="143" status="PASS">
          <reporter-output>
          </reporter-output>
        </test-method> <!-- configAM -->
        <test-method is-config="true" signature="configAC()[pri:0, instance:com.GUISelenium.HMS.StaffInfo.AdmittedPatientInfoTest@2d29b4ee]" started-at="2024-07-01T06:51:48Z" name="configAC" finished-at="2024-07-01T06:51:48Z" duration-ms="250" status="PASS">
          <reporter-output>
          </reporter-output>
        </test-method> <!-- configAC -->
        <test-method is-config="true" signature="configAS()[pri:0, instance:com.GUISelenium.HMS.StaffInfo.AdmittedPatientInfoTest@2d29b4ee]" started-at="2024-07-01T06:51:48Z" name="configAS" finished-at="2024-07-01T06:51:48Z" duration-ms="0" status="PASS">
          <reporter-output>
          </reporter-output>
        </test-method> <!-- configAS -->
      </class> <!-- com.GUISelenium.HMS.StaffInfo.AdmittedPatientInfoTest -->
    </test> <!-- Default test -->
  </suite> <!-- Default suite -->
</testng-results>
